-------------------------------------------------------------------------------
Test set: br.com.desafiojavaspringboot.ApplicationTests
-------------------------------------------------------------------------------
Tests run: 1, Failures: 0, Errors: 1, Skipped: 0, Time elapsed: 12.979 s <<< FAILURE! - in br.com.desafiojavaspringboot.ApplicationTests
contextLoads  Time elapsed: 0.001 s  <<< ERROR!
java.lang.IllegalStateException: Failed to load ApplicationContext
Caused by: org.springframework.beans.factory.UnsatisfiedDependencyException: Error creating bean with name 'productController' defined in file [C:\Users\luan2\OneDrive\Documentos\desafio-java-springboot\target\classes\br\com\desafiojavaspringboot\controller\ProductController.class]: Unsatisfied dependency expressed through constructor parameter 0; nested exception is org.springframework.beans.factory.BeanCreationException: Error creating bean with name 'productRepository' defined in br.com.desafiojavaspringboot.repository.ProductRepository defined in @EnableJpaRepositories declared on JpaRepositoriesRegistrar.EnableJpaRepositoriesConfiguration: Invocation of init method failed; nested exception is java.lang.IllegalArgumentException: Not a managed type: class br.com.desafiojavaspringboot.model.Product
Caused by: org.springframework.beans.factory.BeanCreationException: Error creating bean with name 'productRepository' defined in br.com.desafiojavaspringboot.repository.ProductRepository defined in @EnableJpaRepositories declared on JpaRepositoriesRegistrar.EnableJpaRepositoriesConfiguration: Invocation of init method failed; nested exception is java.lang.IllegalArgumentException: Not a managed type: class br.com.desafiojavaspringboot.model.Product
Caused by: java.lang.IllegalArgumentException: Not a managed type: class br.com.desafiojavaspringboot.model.Product

